1752073361471:help
1752073368442:h2c
1752127056060:help
1752127077566:aa
1752127096875:ag
1752127101972:clear
1752127230508:help
1752127276362:ab
1752127387005:stacktrace
1752127434180:ab
1752127481641:stacktrace
1752127542195:ab
1752127547578:stacktrace
1752127568477:ab
1752128064609:help
1752128080193:bbid
1752128084586:bbid --1
1752128087464:bbid 1
1752128142027:stacktrace
1752128196561:bbid 1
1752128976960:bbid `
1752128982087:bbid 1
1752129070445:bbid 2
1752129080624:bbid 3
1752129112585:bbid 1
1752129303791:bbid 2
1752129311527:bbid 3
1752129314942:bbid 4
1752129328358:ab
1752129375466:bins "Book new", 1
1752129385302:bins Book
1752129394063:bind "1" 1
1752129399813:bins "1" 1
1752129418976:bind "New Book" 1 1
1752129425686:bins "New Book" 1 1
1752129438913:h2c
1752129513503:bupd 4 "New Book For Kind" 1 2
1752129546301:bdel 4
1752129778852:ab
1752129783882:bbid 1
1752129790602:bins "New" 1 1
1752129806690:bupd 1 "New 1" 1  3
1752129814447:bdel 5
1752129818297:bdel 4
1752130467753:ab
1752130471132:bbid 1
1752130486438:bins "bj" 1 1
1752130508806:bupd 4 "sdsdsd" 1 3
1752130519526:bdel 4
1752135418141:ab
1752135601216:aa
1752135613279:ag
1752135624690:ab
1752135639311:bbid 1
1752135653506:bins newBook 1 1,6
1752135672138:bupd 4 editedBook 3 2,5
1752135680119:bdel 4
1752135690743:bbid 4
1752135936121:bbid 1
1752136712222:exit
1752148277809:h2c
