1753803803021:aa
1753803910475:stacktrace
1753803922119:abid 1
1753804099251:abid "1"
1753804103163:abid '1'
1753804105863:aa
1753804134812:abid 1
1753804362140:aa
1753804371201:abid 6888edb83c44c1559a5675f2
1753804394885:ag
1753804421784:stacktrace
1753804453781:ag
1753804475231:gbids 6888eea3f9977a3cfcabc929
1753805055092:cbid 6888f0618c3c78432aaa8c34
1753805061035:stacktrace
1753805085617:cbid 6888f0618c3c78432aaa8c34
1753805208363:cbid 6888f158c8911f7e1d328955
1753805267554:cbbid 6888f158c8911f7e1d328951
1753805290241:ic NewComment 6888f158c8911f7e1d328951
1753805307951:uc 6888f1eac8911f7e1d32895b EditedText
1753805317307:dc 6888f1eac8911f7e1d32895b
1753805320551:uc 6888f1eac8911f7e1d32895b
1753805357697:dc 1
1753805364135:uc 1
1753805388895:stacktrace
1753805403565:uc 1
1753807687461:bdel 6888fb3678d2c347a5568537
1753808504499:bins newBook 1 1,6
1753854610026:bdel 6889b23ff1334c30378286f5
1753854813747:bdel 6889b34d6a96642c2c553a8a
1753854893905:bdel 6889b3a1e86404239a9942d5
1753854991881:bdel 6889b3f31993d117f8f7ee4f
1753855401345:bdel 6889b568bbaf0851debbc49e
1753855516905:bdel 6889b5f51f6e8d4883ea28d5
1753855583581:bdel 6889b6511c0b4238a44d1a3f
1753855702772:bdel 6889b6c8b5dd6d3ad1d56a03
1753855805630:bdel 1
1753855854037:bdel "1"
1753855863111:bdel 1
1753856001370:bdel 6889b7f30d366265831f5406
1753856076311:bdel 6889b83bb0a730095db978d7
1753856150502:bdel 6889b8882e02977de0f50dca
1753856311456:bdel 6889b91fd892887cedb38b22
1753856344459:bdel 6889b94edd89393bb289b282
1753856442801:bdel 6889b9ac90c9fd012ee1ef86
1753856528537:bdel 6889b9feea3b1b6be866e17a
1753856677670:bdel 6889ba940f0c9c2eebd21f9b
1753866206449:bdel 6889df85e68d5d47fb93f99e
1753891416210:ab
1753893001379:bdel 688a4870d502c803127a236a
1753893065059:bdel 688a48b946a0b31191553c66
1753893209941:bdel 688a494665964d5d1f9a550a
1753893358009:bdel 688a49ca08a64d11a678f5e7
1753893623058:ab
1753893795229:bdel 688a4af075804a03d544a720
1753894113130:ab
1753894132419:bdel 688a4cdecbb2b527584385f3
1753894180369:ab
1753894184593:bdel 688a4d18feab4d1cc26a1597
1753894215202:ab
1753894219028:bdel 688a4d45b44fb54c6847361c
1753894595670:ab
1753894607418:ic Comment 688a4eb6aa9b995dfb6c2524
1753894782226:ab
1753895583710:bdel 688a529801570d6611686274
1753896021676:ab
1753896026576:bdel 688a54502a94491481adc086
1753896036434:bdel 688a54502a94491481adc087
1753896484487:ab
1753896493573:ic NewComment 688a561f7901a113aaa7df61
1753896599315:ab
1753896605557:ic NEwEt 688a5693bbf27713192f24c5
1753896744563:ab
1753896750047:bdel 688a5726c259db749e6c2ee3
1753896755814:ab
1753896765169:cbid 688a5726c259db749e6c2ee3
1753896770997:cbbid 688a5726c259db749e6c2ee3
1753896787340:cbbid 1
1753896825227:cbbid 688a5726c259db749e6c2ee3
