1752559633313:bbid 1
1752559840931:учше
1752559842573:exit
1752560394147:bbid 1
1752562886273:р2с
1752562887831:h2c
1752585057805:bbid 4
1752585065132:bbid 1
1752587148941:ab
1752593031862:aa
1752593049562:ag
1752593056011:h2c
1752593227192:ag
1752593234313:aa
1752596226106:cbid 1
1752596544733:cbbid 1
1752596574052:h2c
1752596721421:cbid 1
1752596725723:cbbid 1
1752596796661:aa
1752596801086:bb
1752596803383:ab
1752596903393:cc
1752596904519:aa
1752597192684:cbid 1
1752597404774:cbbid 1
1752597416075:cbbid 2
1752597419796:cbbid 3
1752597426783:cbbid 4
1752597452945:ab
1752598094544:abid 1
1752598098425:abid 99
1752598323214:gbids
1752598328722:gbids 1
1752598333744:gbids 1,2
1752598609061:cbid 1
1752598617410:cbbid 1
1752598654372:ic Комментарий к 5 книге, 5
1752598665508:ic newCOmment 5
1752598680022:ic newCom 4
1752598693867:ab
1752598751812:ic newCOm 3
1752598853057:uc 6 edited
1752598858575:h2c
1752598896964:cdel 6
1752598904344:dc 6
1752598947013:ab
1752598953369:bbid 1
1752598971310:bins  newBook 1
1752598989403:bins newBook 1 1
1752599007852:bupd editedBook 3 2,5
1752599024585:bupd edit 1 2
1752599044285:bupd edit 1
1752599051579:stacktrace
1752599109261:bupd 1 edit 3 2
1752599127295:bdel 4
1752642846802:aa
1752642851868:abid 1
1752642863370:ab
1752643153425:bbid 1
1752643470183:ab
1752644000126:bbid 1
1752644415819:cbid 1
1752644636825:cbbid 1
1752644658300:bbid 1
1752644695767:ag
1752644703298:gbids 1,2
1752644724823:abid 1
1752644726855:aa
1752645526988:bbid 1
1752645537966:ab
1752645574234:bbid 1
1752645633522:ab
1752646699761:bbid 1
1752686450346:ab
1752686460154:bbid 1
1752686827864:ab
1752686839701:aa
1752686849190:cbid 1
1752686857667:ag
1752686861024:h2c
1752730492326:aa
1752730495616:abid 1
1752730506437:ab
1752730520132:bbid 1
1752730532266:bins newBook 1 1,6
1752730559137:bupd 4 editedBook 3 2,5
1752730604756:bdel 4
1752730608916:bbid 4
1752730621259:cbid 1
1752730627484:cbid 5
1752730632036:cbid 6
1752730648309:ic New Comment 1
1752730664564:ic newComment 1
1752730678252:uc 6 New2
1752730687371:dc 6
1752730692895:cbid 6
1752730702956:ag
1752730715236:gbids 1,2,3
1752848158597:bins Title 99L 1,2
1752848166844:bins T 99 1,2
1752848320642:bins T 1 98,99
1752848371617:bins ds 1 98,99
1753164412564:bbid 1
1753164790526:aa
1753165101643:ag
1753165431401:cbid 1
1753165737084:ab
1753166297470:bbid 1
1753166731186:cbid 1
1753167261358:cbbid 1
1753167465702:cbid 1
1753251032149:aa
1753251036514:abid
1753251041605:abid 1
1753251048024:abid 5
1753251062164:ag
1753251067955:gbids
1753251071804:gbids 1
1753251086840:cbid 1
1753251279277:cbbid 1
1753251451499:cbbid 99
1753251461918:cbbid 3
1753251494320:ic NewComment 1
1753251554039:uc 6 NewText
1753251577451:dc 6
1753251684759:cbid 1
1753251954056:aa
1753251959811:abid
1753251962673:abid 1
1753252025969:cbbid 1
1753252241975:cbid 1
1753252244300:cbbid 1
1753252417504:bbid 1
1753252719570:bbid `1
1753252721232:bbid 1
1753253364915:cbid
1753253366743:cbid 1
1753253368481:cbbid 1
1753253434447:ab
1753253965388:bbid 1
1753253974586:ab
1753254170845:bins newBook 1,2
1753254185541:bins newBook 1 1,2
1753254457649:h2c
1753254582566:bins new 1 1,6
1753254671148:bbid 1
1753254705064:bupd  3 edited 2 2,5
1753254748259:bins newBook 1 1,6
1753254754770:bupd 4 editedBook 3 2,5
1753254797066:bins newBook 1 1,6
1753254822531:bupd 4 editedBook 3 2,5
1753255442251:bins newBook 1 1,6
1753256229313:bupd 4 editedBook 3 2,5
1753256626422:bins newBook 1 1,6
1753256641629:bupd 4 editedBook 3 2,5
1753256813283:bupd 3 editedBook 3 2,5
1753256893200:bins newBook 1 1,6
1753257016024:bupd 4 editedBook 3 2,5
1753257031986:bupd 3 editedBook 3 2,5
1753257035526:h2c
1753257057396:bupd 1 editedBook 3 2,5
1753257089086:bupd 2 editedBook 3 2,5
1753257135852:bupd 3 editedBook 3 2,5
1753257152627:h2c
1753257186468:bupd 2 editedBook 3 2,5
1753257482324:bupd 3 editedBook 3 2,5
1753257618021:bdel 3
1753257729623:cbid 1
1753257749669:cbbid 1
1753258147274:cbid 1
1753258407542:cbbid 1
1753258523032:cbid 1
1753258525276:cbbid 1
1753258628254:ic  Text 1
1753258671714:uc  1 TextEdit
1753259716384:ic Text 1
1753259784666:uc 6 EditText
1753259819908:dc 6
1753259843780:ab
1753259850896:bbid 1
1753259861306:bins  new 1 1,6
1753259882160:bupd 4 edit 3 2,5
1753259896512:bdel 4
1753259915642:cbid 1
1753259919711:cbbid 1
1753259934286:aa
1753259938807:abid 1
1753259951994:ag
1753259959926:gbids 1
